0 info it worked if it ends with ok
1 verbose cli [ 'C:\\Program Files\\nodejs\\node.exe',
1 verbose cli   'C:\\Program Files\\nodejs\\node_modules\\npm\\bin\\npm-cli.js',
1 verbose cli   'install',
1 verbose cli   'urlencoded' ]
2 info using npm@3.10.10
3 info using node@v6.10.0
4 silly loadCurrentTree Starting
5 silly install loadCurrentTree
6 silly install readLocalPackageData
7 silly fetchPackageMetaData urlencoded
8 silly fetchNamedPackageData urlencoded
9 silly mapToRegistry name urlencoded
10 silly mapToRegistry using default registry
11 silly mapToRegistry registry https://registry.npmjs.org/
12 silly mapToRegistry data Result {
12 silly mapToRegistry   raw: 'urlencoded',
12 silly mapToRegistry   scope: null,
12 silly mapToRegistry   escapedName: 'urlencoded',
12 silly mapToRegistry   name: 'urlencoded',
12 silly mapToRegistry   rawSpec: '',
12 silly mapToRegistry   spec: 'latest',
12 silly mapToRegistry   type: 'tag' }
13 silly mapToRegistry uri https://registry.npmjs.org/urlencoded
14 verbose request uri https://registry.npmjs.org/urlencoded
15 verbose request no auth needed
16 info attempt registry request try #1 at 5:08:48 PM
17 verbose request id a8adbc82680568c0
18 verbose etag W/"570a5b6f-1d4"
19 verbose lastModified Sun, 10 Apr 2016 13:55:59 GMT
20 http request GET https://registry.npmjs.org/urlencoded
21 http 304 https://registry.npmjs.org/urlencoded
22 verbose headers { date: 'Thu, 23 Mar 2017 16:08:41 GMT',
22 verbose headers   via: '1.1 varnish',
22 verbose headers   'cache-control': 'max-age=300',
22 verbose headers   etag: 'W/"570a5b6f-1d4"',
22 verbose headers   age: '85',
22 verbose headers   connection: 'keep-alive',
22 verbose headers   'x-served-by': 'cache-ams4136-AMS',
22 verbose headers   'x-cache': 'HIT',
22 verbose headers   'x-cache-hits': '1',
22 verbose headers   'x-timer': 'S1490285321.478719,VS0,VE0',
22 verbose headers   vary: 'Accept-Encoding' }
23 silly get cb [ 304,
23 silly get   { date: 'Thu, 23 Mar 2017 16:08:41 GMT',
23 silly get     via: '1.1 varnish',
23 silly get     'cache-control': 'max-age=300',
23 silly get     etag: 'W/"570a5b6f-1d4"',
23 silly get     age: '85',
23 silly get     connection: 'keep-alive',
23 silly get     'x-served-by': 'cache-ams4136-AMS',
23 silly get     'x-cache': 'HIT',
23 silly get     'x-cache-hits': '1',
23 silly get     'x-timer': 'S1490285321.478719,VS0,VE0',
23 silly get     vary: 'Accept-Encoding' } ]
24 verbose etag https://registry.npmjs.org/urlencoded from cache
25 verbose get saving urlencoded to C:\Users\0896535\AppData\Roaming\npm-cache\registry.npmjs.org\urlencoded\.cache.json
26 verbose correctMkdir C:\Users\0896535\AppData\Roaming\npm-cache correctMkdir not in flight; initializing
27 verbose stack TypeError: Cannot convert undefined or null to object
27 verbose stack     at pickVersionFromRegistryDocument (C:\Program Files\nodejs\node_modules\npm\lib\fetch-package-metadata.js:125:29)
27 verbose stack     at C:\Program Files\nodejs\node_modules\npm\node_modules\iferr\index.js:13:50
27 verbose stack     at C:\Program Files\nodejs\node_modules\npm\lib\utils\pulse-till-done.js:20:8
27 verbose stack     at saved (C:\Program Files\nodejs\node_modules\npm\lib\cache\caching-client.js:174:7)
27 verbose stack     at C:\Program Files\nodejs\node_modules\npm\node_modules\graceful-fs\polyfills.js:241:18
27 verbose stack     at FSReqWrap.oncomplete (fs.js:123:15)
28 verbose cwd C:\Users\0896535\Documents\API
29 error Windows_NT 6.1.7601
30 error argv "C:\\Program Files\\nodejs\\node.exe" "C:\\Program Files\\nodejs\\node_modules\\npm\\bin\\npm-cli.js" "install" "urlencoded"
31 error node v6.10.0
32 error npm  v3.10.10
33 error Cannot convert undefined or null to object
34 error If you need help, you may report this error at:
34 error     <https://github.com/npm/npm/issues>
35 verbose exit [ 1, true ]
